<?xml version="1.0" encoding="UTF-8"?>
<testng-results skipped="0" failed="0" total="1" passed="1">
  <reporter-output>
  </reporter-output>
  <suite name="Default suite" duration-ms="6306" started-at="2017-04-23T18:29:07Z" finished-at="2017-04-23T18:29:14Z">
    <groups>
    </groups>
    <test name="Default test" duration-ms="6306" started-at="2017-04-23T18:29:07Z" finished-at="2017-04-23T18:29:14Z">
      <class name="com.testscripts.LoginPageTest">
        <test-method status="PASS" signature="beforeClass()[pri:0, instance:com.testscripts.LoginPageTest@20e2cbe0]" name="beforeClass" is-config="true" duration-ms="4780" started-at="2017-04-23T14:29:07Z" finished-at="2017-04-23T14:29:12Z">
          <reporter-output>
          </reporter-output>
        </test-method> <!-- beforeClass -->
        <test-method status="PASS" signature="loginTest()[pri:0, instance:com.testscripts.LoginPageTest@20e2cbe0]" name="loginTest" duration-ms="339" started-at="2017-04-23T14:29:12Z" finished-at="2017-04-23T14:29:12Z">
          <reporter-output>
          </reporter-output>
        </test-method> <!-- loginTest -->
        <test-method status="PASS" signature="afterMethod()[pri:0, instance:com.testscripts.LoginPageTest@20e2cbe0]" name="afterMethod" is-config="true" duration-ms="1172" started-at="2017-04-23T14:29:12Z" finished-at="2017-04-23T14:29:14Z">
          <reporter-output>
          </reporter-output>
        </test-method> <!-- afterMethod -->
      </class> <!-- com.testscripts.LoginPageTest -->
    </test> <!-- Default test -->
  </suite> <!-- Default suite -->
</testng-results>
